Copyright 1986-2019 Xilinx, Inc. All Rights Reserved.
------------------------------------------------------------------------------------
| Tool Version : Vivado v.2019.1 (win64) Build 2552052 Fri May 24 14:49:42 MDT 2019
| Date         : Sat Jul 20 12:05:45 2019
| Host         : Chukwuemeka running 64-bit major release  (build 9200)
| Command      : report_control_sets -verbose -file SAP1_control_sets_placed.rpt
| Design       : SAP1
| Device       : xc7a35t
------------------------------------------------------------------------------------

Control Set Information

Table of Contents
-----------------
1. Summary
2. Histogram
3. Flip-Flop Distribution
4. Detailed Control Set Information

1. Summary
----------

+----------------------------------------------------------+-------+
|                          Status                          | Count |
+----------------------------------------------------------+-------+
| Total control sets                                       |    32 |
|    Minimum number of control sets                        |    32 |
|    Addition due to synthesis replication                 |     0 |
|    Addition due to physical synthesis replication        |     0 |
| Unused register locations in slices containing registers |    32 |
+----------------------------------------------------------+-------+
* Control sets can be merged at opt_design using control_set_merge or merge_equivalent_drivers
** Run report_qor_suggestions for automated merging and remapping suggestions


2. Histogram
------------

+--------------------+-------+
|       Fanout       | Count |
+--------------------+-------+
| Total control sets |    32 |
| >= 0 to < 4        |     1 |
| >= 4 to < 6        |     6 |
| >= 6 to < 8        |     0 |
| >= 8 to < 10       |    24 |
| >= 10 to < 12      |     0 |
| >= 12 to < 14      |     0 |
| >= 14 to < 16      |     0 |
| >= 16              |     1 |
+--------------------+-------+
* Control sets can be remapped at either synth_design or opt_design


3. Flip-Flop Distribution
-------------------------

+--------------+-----------------------+------------------------+-----------------+--------------+
| Clock Enable | Synchronous Set/Reset | Asynchronous Set/Reset | Total Registers | Total Slices |
+--------------+-----------------------+------------------------+-----------------+--------------+
| No           | No                    | No                     |              75 |           26 |
| No           | No                    | Yes                    |               0 |            0 |
| No           | Yes                   | No                     |               0 |            0 |
| Yes          | No                    | No                     |               0 |            0 |
| Yes          | No                    | Yes                    |             168 |           87 |
| Yes          | Yes                   | No                     |               5 |            1 |
+--------------+-----------------------+------------------------+-----------------+--------------+


4. Detailed Control Set Information
-----------------------------------

+--------------------------------+-------------------------------+--------------------------------------+------------------+----------------+
|          Clock Signal          |         Enable Signal         |           Set/Reset Signal           | Slice Load Count | Bel Load Count |
+--------------------------------+-------------------------------+--------------------------------------+------------------+----------------+
|  clock_BUFG                    |                               |                                      |                1 |              1 |
|  COMPONENT_3/E[1]              |                               |                                      |                2 |              4 |
|  COMPONENT_3/E[0]              |                               |                                      |                1 |              4 |
|  COMPONENT_3/T_reg[1][0]       |                               |                                      |                1 |              4 |
|  clock_BUFG                    | COMPONENT_3/T_reg[1][0]       | BTN_IBUF[0]                          |                1 |              4 |
| ~clock_BUFG                    | COMPONENT_5/RC/T_reg[2]_0     | BTN_IBUF[0]                          |                1 |              4 |
|  clock_BUFG                    | COMPONENT_5/RC/T[6]_i_2_n_1   | COMPONENT_5/RC/T[6]_i_1_n_1          |                1 |              5 |
|  COMPONENT_5/RC/T_reg[3]_0     |                               |                                      |                4 |              8 |
|  COMPONENT_3/Q_tmp_reg[6]_0[0] |                               |                                      |                3 |              8 |
|  COMPONENT_3/T_reg[6][0]       |                               |                                      |                3 |              8 |
|  clock_BUFG                    | COMPONENT_5/RC/T_reg[3]_0     | BTN_IBUF[0]                          |                4 |              8 |
|  clock_BUFG                    | COMPONENT_3/Q_tmp_reg[6]_0[0] | BTN_IBUF[0]                          |                2 |              8 |
|  clock_BUFG                    | COMPONENT_3/T_reg[6][0]       | BTN_IBUF[0]                          |                2 |              8 |
|  clock_BUFG                    | Ea_BUFG                       | BTN_IBUF[0]                          |                3 |              8 |
|  n_0_281_BUFG                  | COMPONENT_2/Q_tmp_reg[1]_7    | COMPONENT_4_1/tmp_ram[15][4]_i_2_n_1 |                6 |              8 |
|  n_0_281_BUFG                  | COMPONENT_2/SW[15]            | COMPONENT_4_1/tmp_ram[15][4]_i_2_n_1 |                4 |              8 |
|  n_0_281_BUFG                  | COMPONENT_2/Q_tmp_reg[1]_1    | COMPONENT_4_1/tmp_ram[15][4]_i_2_n_1 |                5 |              8 |
|  n_0_281_BUFG                  | COMPONENT_2/Q_tmp_reg[1]_4    | COMPONENT_4_1/tmp_ram[15][4]_i_2_n_1 |                4 |              8 |
|  n_0_281_BUFG                  | COMPONENT_2/Q_tmp_reg[1]_8    | COMPONENT_4_1/tmp_ram[15][4]_i_2_n_1 |                5 |              8 |
|  n_0_281_BUFG                  | COMPONENT_2/Q_tmp_reg[2]_2    | COMPONENT_4_1/tmp_ram[15][4]_i_2_n_1 |                3 |              8 |
|  n_0_281_BUFG                  | COMPONENT_2/Q_tmp_reg[0]_0    | COMPONENT_4_1/tmp_ram[15][4]_i_2_n_1 |                5 |              8 |
|  n_0_281_BUFG                  | COMPONENT_2/Q_tmp_reg[2]_1    | COMPONENT_4_1/tmp_ram[15][4]_i_2_n_1 |                6 |              8 |
|  n_0_281_BUFG                  | COMPONENT_2/Q_tmp_reg[1]_5    | COMPONENT_4_1/tmp_ram[15][4]_i_2_n_1 |                4 |              8 |
|  n_0_281_BUFG                  | COMPONENT_2/Q_tmp_reg[1]_2    | COMPONENT_4_1/tmp_ram[15][4]_i_2_n_1 |                5 |              8 |
|  n_0_281_BUFG                  | COMPONENT_2/Q_tmp_reg[1]_3    | COMPONENT_4_1/tmp_ram[15][4]_i_2_n_1 |                4 |              8 |
|  n_0_281_BUFG                  | COMPONENT_2/Q_tmp_reg[1]_6    | COMPONENT_4_1/tmp_ram[15][4]_i_2_n_1 |                5 |              8 |
|  n_0_281_BUFG                  | COMPONENT_2/Q_tmp_reg[2]_0    | COMPONENT_4_1/tmp_ram[15][4]_i_2_n_1 |                4 |              8 |
|  n_0_281_BUFG                  | COMPONENT_2/SW[15]_1          | COMPONENT_4_1/tmp_ram[15][4]_i_2_n_1 |                4 |              8 |
|  n_0_281_BUFG                  | COMPONENT_2/SW[15]_0          | COMPONENT_4_1/tmp_ram[15][4]_i_2_n_1 |                6 |              8 |
|  n_0_281_BUFG                  | COMPONENT_2/Q_tmp_reg[1]_0    | COMPONENT_4_1/tmp_ram[15][4]_i_2_n_1 |                4 |              8 |
|  Ea_BUFG                       |                               |                                      |                3 |              8 |
|  CLK_IBUF_BUFG                 |                               |                                      |                8 |             30 |
+--------------------------------+-------------------------------+--------------------------------------+------------------+----------------+


