Copyright 1986-2019 Xilinx, Inc. All Rights Reserved.
--------------------------------------------------------------------------------------------------------------------------------------------------
| Tool Version : Vivado v.2019.1 (win64) Build 2552052 Fri May 24 14:49:42 MDT 2019
| Date         : Sat Jul 20 12:06:17 2019
| Host         : Chukwuemeka running 64-bit major release  (build 9200)
| Command      : report_methodology -file SAP1_methodology_drc_routed.rpt -pb SAP1_methodology_drc_routed.pb -rpx SAP1_methodology_drc_routed.rpx
| Design       : SAP1
| Device       : xc7a35tcpg236-1
| Speed File   : -1
| Design State : Fully Routed
--------------------------------------------------------------------------------------------------------------------------------------------------

Report Methodology

Table of Contents
-----------------
1. REPORT SUMMARY
2. REPORT DETAILS

1. REPORT SUMMARY
-----------------
            Netlist: netlist
          Floorplan: design_1
      Design limits: <entire design considered>
             Max violations: <unlimited>
             Violations found: 190
+-----------+------------------+-------------------------------+------------+
| Rule      | Severity         | Description                   | Violations |
+-----------+------------------+-------------------------------+------------+
| TIMING-14 | Critical Warning | LUT on the clock tree         | 1          |
| TIMING-17 | Critical Warning | Non-clocked sequential cell   | 128        |
| LUTAR-1   | Warning          | LUT drives async reset alert  | 1          |
| TIMING-18 | Warning          | Missing input or output delay | 16         |
| TIMING-20 | Warning          | Non-clocked latch             | 44         |
+-----------+------------------+-------------------------------+------------+

2. REPORT DETAILS
-----------------
TIMING-14#1 Critical Warning
LUT on the clock tree  
The LUT COMPONENT_3/clock_BUFG_inst_i_1 has been found on the clock tree. Run opt_design to optimize the clock trees, then re-run report_methodology. If LUT(s) are still present in the clock trees, modify the RTL or the synthesis options accordingly to move the clock gating logic to dedicated clock enable resources. Keep in mind that post-opt_design database cannot be used for pin-planning tasks
Related violations: <none>

TIMING-17#1 Critical Warning
Non-clocked sequential cell  
The clock pin COMPONENT_4_1/tmp_ram_reg[0][0]/C is not reached by a timing clock
Related violations: <none>

TIMING-17#2 Critical Warning
Non-clocked sequential cell  
The clock pin COMPONENT_4_1/tmp_ram_reg[0][1]/C is not reached by a timing clock
Related violations: <none>

TIMING-17#3 Critical Warning
Non-clocked sequential cell  
The clock pin COMPONENT_4_1/tmp_ram_reg[0][2]/C is not reached by a timing clock
Related violations: <none>

TIMING-17#4 Critical Warning
Non-clocked sequential cell  
The clock pin COMPONENT_4_1/tmp_ram_reg[0][3]/C is not reached by a timing clock
Related violations: <none>

TIMING-17#5 Critical Warning
Non-clocked sequential cell  
The clock pin COMPONENT_4_1/tmp_ram_reg[0][4]/C is not reached by a timing clock
Related violations: <none>

TIMING-17#6 Critical Warning
Non-clocked sequential cell  
The clock pin COMPONENT_4_1/tmp_ram_reg[0][5]/C is not reached by a timing clock
Related violations: <none>

TIMING-17#7 Critical Warning
Non-clocked sequential cell  
The clock pin COMPONENT_4_1/tmp_ram_reg[0][6]/C is not reached by a timing clock
Related violations: <none>

TIMING-17#8 Critical Warning
Non-clocked sequential cell  
The clock pin COMPONENT_4_1/tmp_ram_reg[0][7]/C is not reached by a timing clock
Related violations: <none>

TIMING-17#9 Critical Warning
Non-clocked sequential cell  
The clock pin COMPONENT_4_1/tmp_ram_reg[10][0]/C is not reached by a timing clock
Related violations: <none>

TIMING-17#10 Critical Warning
Non-clocked sequential cell  
The clock pin COMPONENT_4_1/tmp_ram_reg[10][1]/C is not reached by a timing clock
Related violations: <none>

TIMING-17#11 Critical Warning
Non-clocked sequential cell  
The clock pin COMPONENT_4_1/tmp_ram_reg[10][2]/C is not reached by a timing clock
Related violations: <none>

TIMING-17#12 Critical Warning
Non-clocked sequential cell  
The clock pin COMPONENT_4_1/tmp_ram_reg[10][3]/C is not reached by a timing clock
Related violations: <none>

TIMING-17#13 Critical Warning
Non-clocked sequential cell  
The clock pin COMPONENT_4_1/tmp_ram_reg[10][4]/C is not reached by a timing clock
Related violations: <none>

TIMING-17#14 Critical Warning
Non-clocked sequential cell  
The clock pin COMPONENT_4_1/tmp_ram_reg[10][5]/C is not reached by a timing clock
Related violations: <none>

TIMING-17#15 Critical Warning
Non-clocked sequential cell  
The clock pin COMPONENT_4_1/tmp_ram_reg[10][6]/C is not reached by a timing clock
Related violations: <none>

TIMING-17#16 Critical Warning
Non-clocked sequential cell  
The clock pin COMPONENT_4_1/tmp_ram_reg[10][7]/C is not reached by a timing clock
Related violations: <none>

TIMING-17#17 Critical Warning
Non-clocked sequential cell  
The clock pin COMPONENT_4_1/tmp_ram_reg[11][0]/C is not reached by a timing clock
Related violations: <none>

TIMING-17#18 Critical Warning
Non-clocked sequential cell  
The clock pin COMPONENT_4_1/tmp_ram_reg[11][1]/C is not reached by a timing clock
Related violations: <none>

TIMING-17#19 Critical Warning
Non-clocked sequential cell  
The clock pin COMPONENT_4_1/tmp_ram_reg[11][2]/C is not reached by a timing clock
Related violations: <none>

TIMING-17#20 Critical Warning
Non-clocked sequential cell  
The clock pin COMPONENT_4_1/tmp_ram_reg[11][3]/C is not reached by a timing clock
Related violations: <none>

TIMING-17#21 Critical Warning
Non-clocked sequential cell  
The clock pin COMPONENT_4_1/tmp_ram_reg[11][4]/C is not reached by a timing clock
Related violations: <none>

TIMING-17#22 Critical Warning
Non-clocked sequential cell  
The clock pin COMPONENT_4_1/tmp_ram_reg[11][5]/C is not reached by a timing clock
Related violations: <none>

TIMING-17#23 Critical Warning
Non-clocked sequential cell  
The clock pin COMPONENT_4_1/tmp_ram_reg[11][6]/C is not reached by a timing clock
Related violations: <none>

TIMING-17#24 Critical Warning
Non-clocked sequential cell  
The clock pin COMPONENT_4_1/tmp_ram_reg[11][7]/C is not reached by a timing clock
Related violations: <none>

TIMING-17#25 Critical Warning
Non-clocked sequential cell  
The clock pin COMPONENT_4_1/tmp_ram_reg[12][0]/C is not reached by a timing clock
Related violations: <none>

TIMING-17#26 Critical Warning
Non-clocked sequential cell  
The clock pin COMPONENT_4_1/tmp_ram_reg[12][1]/C is not reached by a timing clock
Related violations: <none>

TIMING-17#27 Critical Warning
Non-clocked sequential cell  
The clock pin COMPONENT_4_1/tmp_ram_reg[12][2]/C is not reached by a timing clock
Related violations: <none>

TIMING-17#28 Critical Warning
Non-clocked sequential cell  
The clock pin COMPONENT_4_1/tmp_ram_reg[12][3]/C is not reached by a timing clock
Related violations: <none>

TIMING-17#29 Critical Warning
Non-clocked sequential cell  
The clock pin COMPONENT_4_1/tmp_ram_reg[12][4]/C is not reached by a timing clock
Related violations: <none>

TIMING-17#30 Critical Warning
Non-clocked sequential cell  
The clock pin COMPONENT_4_1/tmp_ram_reg[12][5]/C is not reached by a timing clock
Related violations: <none>

TIMING-17#31 Critical Warning
Non-clocked sequential cell  
The clock pin COMPONENT_4_1/tmp_ram_reg[12][6]/C is not reached by a timing clock
Related violations: <none>

TIMING-17#32 Critical Warning
Non-clocked sequential cell  
The clock pin COMPONENT_4_1/tmp_ram_reg[12][7]/C is not reached by a timing clock
Related violations: <none>

TIMING-17#33 Critical Warning
Non-clocked sequential cell  
The clock pin COMPONENT_4_1/tmp_ram_reg[13][0]/C is not reached by a timing clock
Related violations: <none>

TIMING-17#34 Critical Warning
Non-clocked sequential cell  
The clock pin COMPONENT_4_1/tmp_ram_reg[13][1]/C is not reached by a timing clock
Related violations: <none>

TIMING-17#35 Critical Warning
Non-clocked sequential cell  
The clock pin COMPONENT_4_1/tmp_ram_reg[13][2]/C is not reached by a timing clock
Related violations: <none>

TIMING-17#36 Critical Warning
Non-clocked sequential cell  
The clock pin COMPONENT_4_1/tmp_ram_reg[13][3]/C is not reached by a timing clock
Related violations: <none>

TIMING-17#37 Critical Warning
Non-clocked sequential cell  
The clock pin COMPONENT_4_1/tmp_ram_reg[13][4]/C is not reached by a timing clock
Related violations: <none>

TIMING-17#38 Critical Warning
Non-clocked sequential cell  
The clock pin COMPONENT_4_1/tmp_ram_reg[13][5]/C is not reached by a timing clock
Related violations: <none>

TIMING-17#39 Critical Warning
Non-clocked sequential cell  
The clock pin COMPONENT_4_1/tmp_ram_reg[13][6]/C is not reached by a timing clock
Related violations: <none>

TIMING-17#40 Critical Warning
Non-clocked sequential cell  
The clock pin COMPONENT_4_1/tmp_ram_reg[13][7]/C is not reached by a timing clock
Related violations: <none>

TIMING-17#41 Critical Warning
Non-clocked sequential cell  
The clock pin COMPONENT_4_1/tmp_ram_reg[14][0]/C is not reached by a timing clock
Related violations: <none>

TIMING-17#42 Critical Warning
Non-clocked sequential cell  
The clock pin COMPONENT_4_1/tmp_ram_reg[14][1]/C is not reached by a timing clock
Related violations: <none>

TIMING-17#43 Critical Warning
Non-clocked sequential cell  
The clock pin COMPONENT_4_1/tmp_ram_reg[14][2]/C is not reached by a timing clock
Related violations: <none>

TIMING-17#44 Critical Warning
Non-clocked sequential cell  
The clock pin COMPONENT_4_1/tmp_ram_reg[14][3]/C is not reached by a timing clock
Related violations: <none>

TIMING-17#45 Critical Warning
Non-clocked sequential cell  
The clock pin COMPONENT_4_1/tmp_ram_reg[14][4]/C is not reached by a timing clock
Related violations: <none>

TIMING-17#46 Critical Warning
Non-clocked sequential cell  
The clock pin COMPONENT_4_1/tmp_ram_reg[14][5]/C is not reached by a timing clock
Related violations: <none>

TIMING-17#47 Critical Warning
Non-clocked sequential cell  
The clock pin COMPONENT_4_1/tmp_ram_reg[14][6]/C is not reached by a timing clock
Related violations: <none>

TIMING-17#48 Critical Warning
Non-clocked sequential cell  
The clock pin COMPONENT_4_1/tmp_ram_reg[14][7]/C is not reached by a timing clock
Related violations: <none>

TIMING-17#49 Critical Warning
Non-clocked sequential cell  
The clock pin COMPONENT_4_1/tmp_ram_reg[15][0]/C is not reached by a timing clock
Related violations: <none>

TIMING-17#50 Critical Warning
Non-clocked sequential cell  
The clock pin COMPONENT_4_1/tmp_ram_reg[15][1]/C is not reached by a timing clock
Related violations: <none>

TIMING-17#51 Critical Warning
Non-clocked sequential cell  
The clock pin COMPONENT_4_1/tmp_ram_reg[15][2]/C is not reached by a timing clock
Related violations: <none>

TIMING-17#52 Critical Warning
Non-clocked sequential cell  
The clock pin COMPONENT_4_1/tmp_ram_reg[15][3]/C is not reached by a timing clock
Related violations: <none>

TIMING-17#53 Critical Warning
Non-clocked sequential cell  
The clock pin COMPONENT_4_1/tmp_ram_reg[15][4]/C is not reached by a timing clock
Related violations: <none>

TIMING-17#54 Critical Warning
Non-clocked sequential cell  
The clock pin COMPONENT_4_1/tmp_ram_reg[15][5]/C is not reached by a timing clock
Related violations: <none>

TIMING-17#55 Critical Warning
Non-clocked sequential cell  
The clock pin COMPONENT_4_1/tmp_ram_reg[15][6]/C is not reached by a timing clock
Related violations: <none>

TIMING-17#56 Critical Warning
Non-clocked sequential cell  
The clock pin COMPONENT_4_1/tmp_ram_reg[15][7]/C is not reached by a timing clock
Related violations: <none>

TIMING-17#57 Critical Warning
Non-clocked sequential cell  
The clock pin COMPONENT_4_1/tmp_ram_reg[1][0]/C is not reached by a timing clock
Related violations: <none>

TIMING-17#58 Critical Warning
Non-clocked sequential cell  
The clock pin COMPONENT_4_1/tmp_ram_reg[1][1]/C is not reached by a timing clock
Related violations: <none>

TIMING-17#59 Critical Warning
Non-clocked sequential cell  
The clock pin COMPONENT_4_1/tmp_ram_reg[1][2]/C is not reached by a timing clock
Related violations: <none>

TIMING-17#60 Critical Warning
Non-clocked sequential cell  
The clock pin COMPONENT_4_1/tmp_ram_reg[1][3]/C is not reached by a timing clock
Related violations: <none>

TIMING-17#61 Critical Warning
Non-clocked sequential cell  
The clock pin COMPONENT_4_1/tmp_ram_reg[1][4]/C is not reached by a timing clock
Related violations: <none>

TIMING-17#62 Critical Warning
Non-clocked sequential cell  
The clock pin COMPONENT_4_1/tmp_ram_reg[1][5]/C is not reached by a timing clock
Related violations: <none>

TIMING-17#63 Critical Warning
Non-clocked sequential cell  
The clock pin COMPONENT_4_1/tmp_ram_reg[1][6]/C is not reached by a timing clock
Related violations: <none>

TIMING-17#64 Critical Warning
Non-clocked sequential cell  
The clock pin COMPONENT_4_1/tmp_ram_reg[1][7]/C is not reached by a timing clock
Related violations: <none>

TIMING-17#65 Critical Warning
Non-clocked sequential cell  
The clock pin COMPONENT_4_1/tmp_ram_reg[2][0]/C is not reached by a timing clock
Related violations: <none>

TIMING-17#66 Critical Warning
Non-clocked sequential cell  
The clock pin COMPONENT_4_1/tmp_ram_reg[2][1]/C is not reached by a timing clock
Related violations: <none>

TIMING-17#67 Critical Warning
Non-clocked sequential cell  
The clock pin COMPONENT_4_1/tmp_ram_reg[2][2]/C is not reached by a timing clock
Related violations: <none>

TIMING-17#68 Critical Warning
Non-clocked sequential cell  
The clock pin COMPONENT_4_1/tmp_ram_reg[2][3]/C is not reached by a timing clock
Related violations: <none>

TIMING-17#69 Critical Warning
Non-clocked sequential cell  
The clock pin COMPONENT_4_1/tmp_ram_reg[2][4]/C is not reached by a timing clock
Related violations: <none>

TIMING-17#70 Critical Warning
Non-clocked sequential cell  
The clock pin COMPONENT_4_1/tmp_ram_reg[2][5]/C is not reached by a timing clock
Related violations: <none>

TIMING-17#71 Critical Warning
Non-clocked sequential cell  
The clock pin COMPONENT_4_1/tmp_ram_reg[2][6]/C is not reached by a timing clock
Related violations: <none>

TIMING-17#72 Critical Warning
Non-clocked sequential cell  
The clock pin COMPONENT_4_1/tmp_ram_reg[2][7]/C is not reached by a timing clock
Related violations: <none>

TIMING-17#73 Critical Warning
Non-clocked sequential cell  
The clock pin COMPONENT_4_1/tmp_ram_reg[3][0]/C is not reached by a timing clock
Related violations: <none>

TIMING-17#74 Critical Warning
Non-clocked sequential cell  
The clock pin COMPONENT_4_1/tmp_ram_reg[3][1]/C is not reached by a timing clock
Related violations: <none>

TIMING-17#75 Critical Warning
Non-clocked sequential cell  
The clock pin COMPONENT_4_1/tmp_ram_reg[3][2]/C is not reached by a timing clock
Related violations: <none>

TIMING-17#76 Critical Warning
Non-clocked sequential cell  
The clock pin COMPONENT_4_1/tmp_ram_reg[3][3]/C is not reached by a timing clock
Related violations: <none>

TIMING-17#77 Critical Warning
Non-clocked sequential cell  
The clock pin COMPONENT_4_1/tmp_ram_reg[3][4]/C is not reached by a timing clock
Related violations: <none>

TIMING-17#78 Critical Warning
Non-clocked sequential cell  
The clock pin COMPONENT_4_1/tmp_ram_reg[3][5]/C is not reached by a timing clock
Related violations: <none>

TIMING-17#79 Critical Warning
Non-clocked sequential cell  
The clock pin COMPONENT_4_1/tmp_ram_reg[3][6]/C is not reached by a timing clock
Related violations: <none>

TIMING-17#80 Critical Warning
Non-clocked sequential cell  
The clock pin COMPONENT_4_1/tmp_ram_reg[3][7]/C is not reached by a timing clock
Related violations: <none>

TIMING-17#81 Critical Warning
Non-clocked sequential cell  
The clock pin COMPONENT_4_1/tmp_ram_reg[4][0]/C is not reached by a timing clock
Related violations: <none>

TIMING-17#82 Critical Warning
Non-clocked sequential cell  
The clock pin COMPONENT_4_1/tmp_ram_reg[4][1]/C is not reached by a timing clock
Related violations: <none>

TIMING-17#83 Critical Warning
Non-clocked sequential cell  
The clock pin COMPONENT_4_1/tmp_ram_reg[4][2]/C is not reached by a timing clock
Related violations: <none>

TIMING-17#84 Critical Warning
Non-clocked sequential cell  
The clock pin COMPONENT_4_1/tmp_ram_reg[4][3]/C is not reached by a timing clock
Related violations: <none>

TIMING-17#85 Critical Warning
Non-clocked sequential cell  
The clock pin COMPONENT_4_1/tmp_ram_reg[4][4]/C is not reached by a timing clock
Related violations: <none>

TIMING-17#86 Critical Warning
Non-clocked sequential cell  
The clock pin COMPONENT_4_1/tmp_ram_reg[4][5]/C is not reached by a timing clock
Related violations: <none>

TIMING-17#87 Critical Warning
Non-clocked sequential cell  
The clock pin COMPONENT_4_1/tmp_ram_reg[4][6]/C is not reached by a timing clock
Related violations: <none>

TIMING-17#88 Critical Warning
Non-clocked sequential cell  
The clock pin COMPONENT_4_1/tmp_ram_reg[4][7]/C is not reached by a timing clock
Related violations: <none>

TIMING-17#89 Critical Warning
Non-clocked sequential cell  
The clock pin COMPONENT_4_1/tmp_ram_reg[5][0]/C is not reached by a timing clock
Related violations: <none>

TIMING-17#90 Critical Warning
Non-clocked sequential cell  
The clock pin COMPONENT_4_1/tmp_ram_reg[5][1]/C is not reached by a timing clock
Related violations: <none>

TIMING-17#91 Critical Warning
Non-clocked sequential cell  
The clock pin COMPONENT_4_1/tmp_ram_reg[5][2]/C is not reached by a timing clock
Related violations: <none>

TIMING-17#92 Critical Warning
Non-clocked sequential cell  
The clock pin COMPONENT_4_1/tmp_ram_reg[5][3]/C is not reached by a timing clock
Related violations: <none>

TIMING-17#93 Critical Warning
Non-clocked sequential cell  
The clock pin COMPONENT_4_1/tmp_ram_reg[5][4]/C is not reached by a timing clock
Related violations: <none>

TIMING-17#94 Critical Warning
Non-clocked sequential cell  
The clock pin COMPONENT_4_1/tmp_ram_reg[5][5]/C is not reached by a timing clock
Related violations: <none>

TIMING-17#95 Critical Warning
Non-clocked sequential cell  
The clock pin COMPONENT_4_1/tmp_ram_reg[5][6]/C is not reached by a timing clock
Related violations: <none>

TIMING-17#96 Critical Warning
Non-clocked sequential cell  
The clock pin COMPONENT_4_1/tmp_ram_reg[5][7]/C is not reached by a timing clock
Related violations: <none>

TIMING-17#97 Critical Warning
Non-clocked sequential cell  
The clock pin COMPONENT_4_1/tmp_ram_reg[6][0]/C is not reached by a timing clock
Related violations: <none>

TIMING-17#98 Critical Warning
Non-clocked sequential cell  
The clock pin COMPONENT_4_1/tmp_ram_reg[6][1]/C is not reached by a timing clock
Related violations: <none>

TIMING-17#99 Critical Warning
Non-clocked sequential cell  
The clock pin COMPONENT_4_1/tmp_ram_reg[6][2]/C is not reached by a timing clock
Related violations: <none>

TIMING-17#100 Critical Warning
Non-clocked sequential cell  
The clock pin COMPONENT_4_1/tmp_ram_reg[6][3]/C is not reached by a timing clock
Related violations: <none>

TIMING-17#101 Critical Warning
Non-clocked sequential cell  
The clock pin COMPONENT_4_1/tmp_ram_reg[6][4]/C is not reached by a timing clock
Related violations: <none>

TIMING-17#102 Critical Warning
Non-clocked sequential cell  
The clock pin COMPONENT_4_1/tmp_ram_reg[6][5]/C is not reached by a timing clock
Related violations: <none>

TIMING-17#103 Critical Warning
Non-clocked sequential cell  
The clock pin COMPONENT_4_1/tmp_ram_reg[6][6]/C is not reached by a timing clock
Related violations: <none>

TIMING-17#104 Critical Warning
Non-clocked sequential cell  
The clock pin COMPONENT_4_1/tmp_ram_reg[6][7]/C is not reached by a timing clock
Related violations: <none>

TIMING-17#105 Critical Warning
Non-clocked sequential cell  
The clock pin COMPONENT_4_1/tmp_ram_reg[7][0]/C is not reached by a timing clock
Related violations: <none>

TIMING-17#106 Critical Warning
Non-clocked sequential cell  
The clock pin COMPONENT_4_1/tmp_ram_reg[7][1]/C is not reached by a timing clock
Related violations: <none>

TIMING-17#107 Critical Warning
Non-clocked sequential cell  
The clock pin COMPONENT_4_1/tmp_ram_reg[7][2]/C is not reached by a timing clock
Related violations: <none>

TIMING-17#108 Critical Warning
Non-clocked sequential cell  
The clock pin COMPONENT_4_1/tmp_ram_reg[7][3]/C is not reached by a timing clock
Related violations: <none>

TIMING-17#109 Critical Warning
Non-clocked sequential cell  
The clock pin COMPONENT_4_1/tmp_ram_reg[7][4]/C is not reached by a timing clock
Related violations: <none>

TIMING-17#110 Critical Warning
Non-clocked sequential cell  
The clock pin COMPONENT_4_1/tmp_ram_reg[7][5]/C is not reached by a timing clock
Related violations: <none>

TIMING-17#111 Critical Warning
Non-clocked sequential cell  
The clock pin COMPONENT_4_1/tmp_ram_reg[7][6]/C is not reached by a timing clock
Related violations: <none>

TIMING-17#112 Critical Warning
Non-clocked sequential cell  
The clock pin COMPONENT_4_1/tmp_ram_reg[7][7]/C is not reached by a timing clock
Related violations: <none>

TIMING-17#113 Critical Warning
Non-clocked sequential cell  
The clock pin COMPONENT_4_1/tmp_ram_reg[8][0]/C is not reached by a timing clock
Related violations: <none>

TIMING-17#114 Critical Warning
Non-clocked sequential cell  
The clock pin COMPONENT_4_1/tmp_ram_reg[8][1]/C is not reached by a timing clock
Related violations: <none>

TIMING-17#115 Critical Warning
Non-clocked sequential cell  
The clock pin COMPONENT_4_1/tmp_ram_reg[8][2]/C is not reached by a timing clock
Related violations: <none>

TIMING-17#116 Critical Warning
Non-clocked sequential cell  
The clock pin COMPONENT_4_1/tmp_ram_reg[8][3]/C is not reached by a timing clock
Related violations: <none>

TIMING-17#117 Critical Warning
Non-clocked sequential cell  
The clock pin COMPONENT_4_1/tmp_ram_reg[8][4]/C is not reached by a timing clock
Related violations: <none>

TIMING-17#118 Critical Warning
Non-clocked sequential cell  
The clock pin COMPONENT_4_1/tmp_ram_reg[8][5]/C is not reached by a timing clock
Related violations: <none>

TIMING-17#119 Critical Warning
Non-clocked sequential cell  
The clock pin COMPONENT_4_1/tmp_ram_reg[8][6]/C is not reached by a timing clock
Related violations: <none>

TIMING-17#120 Critical Warning
Non-clocked sequential cell  
The clock pin COMPONENT_4_1/tmp_ram_reg[8][7]/C is not reached by a timing clock
Related violations: <none>

TIMING-17#121 Critical Warning
Non-clocked sequential cell  
The clock pin COMPONENT_4_1/tmp_ram_reg[9][0]/C is not reached by a timing clock
Related violations: <none>

TIMING-17#122 Critical Warning
Non-clocked sequential cell  
The clock pin COMPONENT_4_1/tmp_ram_reg[9][1]/C is not reached by a timing clock
Related violations: <none>

TIMING-17#123 Critical Warning
Non-clocked sequential cell  
The clock pin COMPONENT_4_1/tmp_ram_reg[9][2]/C is not reached by a timing clock
Related violations: <none>

TIMING-17#124 Critical Warning
Non-clocked sequential cell  
The clock pin COMPONENT_4_1/tmp_ram_reg[9][3]/C is not reached by a timing clock
Related violations: <none>

TIMING-17#125 Critical Warning
Non-clocked sequential cell  
The clock pin COMPONENT_4_1/tmp_ram_reg[9][4]/C is not reached by a timing clock
Related violations: <none>

TIMING-17#126 Critical Warning
Non-clocked sequential cell  
The clock pin COMPONENT_4_1/tmp_ram_reg[9][5]/C is not reached by a timing clock
Related violations: <none>

TIMING-17#127 Critical Warning
Non-clocked sequential cell  
The clock pin COMPONENT_4_1/tmp_ram_reg[9][6]/C is not reached by a timing clock
Related violations: <none>

TIMING-17#128 Critical Warning
Non-clocked sequential cell  
The clock pin COMPONENT_4_1/tmp_ram_reg[9][7]/C is not reached by a timing clock
Related violations: <none>

LUTAR-1#1 Warning
LUT drives async reset alert  
LUT cell COMPONENT_4_1/tmp_ram[15][4]_i_2, with 2 or more inputs, drives asynchronous preset/clear pin(s) COMPONENT_4_1/tmp_ram_reg[0][0]/CLR, COMPONENT_4_1/tmp_ram_reg[0][1]/CLR, COMPONENT_4_1/tmp_ram_reg[0][2]/CLR, COMPONENT_4_1/tmp_ram_reg[0][3]/CLR, COMPONENT_4_1/tmp_ram_reg[0][4]/CLR, COMPONENT_4_1/tmp_ram_reg[0][5]/CLR, COMPONENT_4_1/tmp_ram_reg[0][6]/CLR, COMPONENT_4_1/tmp_ram_reg[0][7]/CLR, COMPONENT_4_1/tmp_ram_reg[10][0]/CLR, COMPONENT_4_1/tmp_ram_reg[10][1]/CLR, COMPONENT_4_1/tmp_ram_reg[10][2]/CLR, COMPONENT_4_1/tmp_ram_reg[10][3]/CLR, COMPONENT_4_1/tmp_ram_reg[10][4]/CLR, COMPONENT_4_1/tmp_ram_reg[10][5]/CLR, COMPONENT_4_1/tmp_ram_reg[10][6]/CLR (the first 15 of 128 listed). The LUT may glitch and trigger an unexpected reset, even if it is a properly timed path.
Related violations: <none>

TIMING-18#1 Warning
Missing input or output delay  
An input delay is missing on BTN[0] relative to clock(s) sys_clk_pin
Related violations: <none>

TIMING-18#2 Warning
Missing input or output delay  
An input delay is missing on BTN[1] relative to clock(s) sys_clk_pin
Related violations: <none>

TIMING-18#3 Warning
Missing input or output delay  
An input delay is missing on BTN[2] relative to clock(s) sys_clk_pin
Related violations: <none>

TIMING-18#4 Warning
Missing input or output delay  
An input delay is missing on BTN[3] relative to clock(s) sys_clk_pin
Related violations: <none>

TIMING-18#5 Warning
Missing input or output delay  
An input delay is missing on BTN[4] relative to clock(s) sys_clk_pin
Related violations: <none>

TIMING-18#6 Warning
Missing input or output delay  
An output delay is missing on SSEG_AN[0] relative to clock(s) sys_clk_pin
Related violations: <none>

TIMING-18#7 Warning
Missing input or output delay  
An output delay is missing on SSEG_AN[1] relative to clock(s) sys_clk_pin
Related violations: <none>

TIMING-18#8 Warning
Missing input or output delay  
An output delay is missing on SSEG_AN[2] relative to clock(s) sys_clk_pin
Related violations: <none>

TIMING-18#9 Warning
Missing input or output delay  
An output delay is missing on SSEG_AN[3] relative to clock(s) sys_clk_pin
Related violations: <none>

TIMING-18#10 Warning
Missing input or output delay  
An output delay is missing on SSEG_CA[0] relative to clock(s) sys_clk_pin
Related violations: <none>

TIMING-18#11 Warning
Missing input or output delay  
An output delay is missing on SSEG_CA[1] relative to clock(s) sys_clk_pin
Related violations: <none>

TIMING-18#12 Warning
Missing input or output delay  
An output delay is missing on SSEG_CA[2] relative to clock(s) sys_clk_pin
Related violations: <none>

TIMING-18#13 Warning
Missing input or output delay  
An output delay is missing on SSEG_CA[3] relative to clock(s) sys_clk_pin
Related violations: <none>

TIMING-18#14 Warning
Missing input or output delay  
An output delay is missing on SSEG_CA[4] relative to clock(s) sys_clk_pin
Related violations: <none>

TIMING-18#15 Warning
Missing input or output delay  
An output delay is missing on SSEG_CA[5] relative to clock(s) sys_clk_pin
Related violations: <none>

TIMING-18#16 Warning
Missing input or output delay  
An output delay is missing on SSEG_CA[6] relative to clock(s) sys_clk_pin
Related violations: <none>

TIMING-20#1 Warning
Non-clocked latch  
The latch W_bus_reg[0] cannot be properly analyzed as its control pin W_bus_reg[0]/G is not reached by a timing clock
Related violations: <none>

TIMING-20#2 Warning
Non-clocked latch  
The latch W_bus_reg[1] cannot be properly analyzed as its control pin W_bus_reg[1]/G is not reached by a timing clock
Related violations: <none>

TIMING-20#3 Warning
Non-clocked latch  
The latch W_bus_reg[2] cannot be properly analyzed as its control pin W_bus_reg[2]/G is not reached by a timing clock
Related violations: <none>

TIMING-20#4 Warning
Non-clocked latch  
The latch W_bus_reg[3] cannot be properly analyzed as its control pin W_bus_reg[3]/G is not reached by a timing clock
Related violations: <none>

TIMING-20#5 Warning
Non-clocked latch  
The latch W_bus_reg[4] cannot be properly analyzed as its control pin W_bus_reg[4]/G is not reached by a timing clock
Related violations: <none>

TIMING-20#6 Warning
Non-clocked latch  
The latch W_bus_reg[5] cannot be properly analyzed as its control pin W_bus_reg[5]/G is not reached by a timing clock
Related violations: <none>

TIMING-20#7 Warning
Non-clocked latch  
The latch W_bus_reg[6] cannot be properly analyzed as its control pin W_bus_reg[6]/G is not reached by a timing clock
Related violations: <none>

TIMING-20#8 Warning
Non-clocked latch  
The latch W_bus_reg[7] cannot be properly analyzed as its control pin W_bus_reg[7]/G is not reached by a timing clock
Related violations: <none>

TIMING-20#9 Warning
Non-clocked latch  
The latch W_in_ACC_reg[0] cannot be properly analyzed as its control pin W_in_ACC_reg[0]/G is not reached by a timing clock
Related violations: <none>

TIMING-20#10 Warning
Non-clocked latch  
The latch W_in_ACC_reg[1] cannot be properly analyzed as its control pin W_in_ACC_reg[1]/G is not reached by a timing clock
Related violations: <none>

TIMING-20#11 Warning
Non-clocked latch  
The latch W_in_ACC_reg[2] cannot be properly analyzed as its control pin W_in_ACC_reg[2]/G is not reached by a timing clock
Related violations: <none>

TIMING-20#12 Warning
Non-clocked latch  
The latch W_in_ACC_reg[3] cannot be properly analyzed as its control pin W_in_ACC_reg[3]/G is not reached by a timing clock
Related violations: <none>

TIMING-20#13 Warning
Non-clocked latch  
The latch W_in_ACC_reg[4] cannot be properly analyzed as its control pin W_in_ACC_reg[4]/G is not reached by a timing clock
Related violations: <none>

TIMING-20#14 Warning
Non-clocked latch  
The latch W_in_ACC_reg[5] cannot be properly analyzed as its control pin W_in_ACC_reg[5]/G is not reached by a timing clock
Related violations: <none>

TIMING-20#15 Warning
Non-clocked latch  
The latch W_in_ACC_reg[6] cannot be properly analyzed as its control pin W_in_ACC_reg[6]/G is not reached by a timing clock
Related violations: <none>

TIMING-20#16 Warning
Non-clocked latch  
The latch W_in_ACC_reg[7] cannot be properly analyzed as its control pin W_in_ACC_reg[7]/G is not reached by a timing clock
Related violations: <none>

TIMING-20#17 Warning
Non-clocked latch  
The latch W_in_BR_reg[0] cannot be properly analyzed as its control pin W_in_BR_reg[0]/G is not reached by a timing clock
Related violations: <none>

TIMING-20#18 Warning
Non-clocked latch  
The latch W_in_BR_reg[1] cannot be properly analyzed as its control pin W_in_BR_reg[1]/G is not reached by a timing clock
Related violations: <none>

TIMING-20#19 Warning
Non-clocked latch  
The latch W_in_BR_reg[2] cannot be properly analyzed as its control pin W_in_BR_reg[2]/G is not reached by a timing clock
Related violations: <none>

TIMING-20#20 Warning
Non-clocked latch  
The latch W_in_BR_reg[3] cannot be properly analyzed as its control pin W_in_BR_reg[3]/G is not reached by a timing clock
Related violations: <none>

TIMING-20#21 Warning
Non-clocked latch  
The latch W_in_BR_reg[4] cannot be properly analyzed as its control pin W_in_BR_reg[4]/G is not reached by a timing clock
Related violations: <none>

TIMING-20#22 Warning
Non-clocked latch  
The latch W_in_BR_reg[5] cannot be properly analyzed as its control pin W_in_BR_reg[5]/G is not reached by a timing clock
Related violations: <none>

TIMING-20#23 Warning
Non-clocked latch  
The latch W_in_BR_reg[6] cannot be properly analyzed as its control pin W_in_BR_reg[6]/G is not reached by a timing clock
Related violations: <none>

TIMING-20#24 Warning
Non-clocked latch  
The latch W_in_BR_reg[7] cannot be properly analyzed as its control pin W_in_BR_reg[7]/G is not reached by a timing clock
Related violations: <none>

TIMING-20#25 Warning
Non-clocked latch  
The latch W_in_IR_reg[0] cannot be properly analyzed as its control pin W_in_IR_reg[0]/G is not reached by a timing clock
Related violations: <none>

TIMING-20#26 Warning
Non-clocked latch  
The latch W_in_IR_reg[1] cannot be properly analyzed as its control pin W_in_IR_reg[1]/G is not reached by a timing clock
Related violations: <none>

TIMING-20#27 Warning
Non-clocked latch  
The latch W_in_IR_reg[2] cannot be properly analyzed as its control pin W_in_IR_reg[2]/G is not reached by a timing clock
Related violations: <none>

TIMING-20#28 Warning
Non-clocked latch  
The latch W_in_IR_reg[3] cannot be properly analyzed as its control pin W_in_IR_reg[3]/G is not reached by a timing clock
Related violations: <none>

TIMING-20#29 Warning
Non-clocked latch  
The latch W_in_IR_reg[4] cannot be properly analyzed as its control pin W_in_IR_reg[4]/G is not reached by a timing clock
Related violations: <none>

TIMING-20#30 Warning
Non-clocked latch  
The latch W_in_IR_reg[5] cannot be properly analyzed as its control pin W_in_IR_reg[5]/G is not reached by a timing clock
Related violations: <none>

TIMING-20#31 Warning
Non-clocked latch  
The latch W_in_IR_reg[6] cannot be properly analyzed as its control pin W_in_IR_reg[6]/G is not reached by a timing clock
Related violations: <none>

TIMING-20#32 Warning
Non-clocked latch  
The latch W_in_IR_reg[7] cannot be properly analyzed as its control pin W_in_IR_reg[7]/G is not reached by a timing clock
Related violations: <none>

TIMING-20#33 Warning
Non-clocked latch  
The latch W_in_MAR_reg[0] cannot be properly analyzed as its control pin W_in_MAR_reg[0]/G is not reached by a timing clock
Related violations: <none>

TIMING-20#34 Warning
Non-clocked latch  
The latch W_in_MAR_reg[1] cannot be properly analyzed as its control pin W_in_MAR_reg[1]/G is not reached by a timing clock
Related violations: <none>

TIMING-20#35 Warning
Non-clocked latch  
The latch W_in_MAR_reg[2] cannot be properly analyzed as its control pin W_in_MAR_reg[2]/G is not reached by a timing clock
Related violations: <none>

TIMING-20#36 Warning
Non-clocked latch  
The latch W_in_MAR_reg[3] cannot be properly analyzed as its control pin W_in_MAR_reg[3]/G is not reached by a timing clock
Related violations: <none>

TIMING-20#37 Warning
Non-clocked latch  
The latch W_in_OR_reg[0] cannot be properly analyzed as its control pin W_in_OR_reg[0]/G is not reached by a timing clock
Related violations: <none>

TIMING-20#38 Warning
Non-clocked latch  
The latch W_in_OR_reg[1] cannot be properly analyzed as its control pin W_in_OR_reg[1]/G is not reached by a timing clock
Related violations: <none>

TIMING-20#39 Warning
Non-clocked latch  
The latch W_in_OR_reg[2] cannot be properly analyzed as its control pin W_in_OR_reg[2]/G is not reached by a timing clock
Related violations: <none>

TIMING-20#40 Warning
Non-clocked latch  
The latch W_in_OR_reg[3] cannot be properly analyzed as its control pin W_in_OR_reg[3]/G is not reached by a timing clock
Related violations: <none>

TIMING-20#41 Warning
Non-clocked latch  
The latch W_in_OR_reg[4] cannot be properly analyzed as its control pin W_in_OR_reg[4]/G is not reached by a timing clock
Related violations: <none>

TIMING-20#42 Warning
Non-clocked latch  
The latch W_in_OR_reg[5] cannot be properly analyzed as its control pin W_in_OR_reg[5]/G is not reached by a timing clock
Related violations: <none>

TIMING-20#43 Warning
Non-clocked latch  
The latch W_in_OR_reg[6] cannot be properly analyzed as its control pin W_in_OR_reg[6]/G is not reached by a timing clock
Related violations: <none>

TIMING-20#44 Warning
Non-clocked latch  
The latch W_in_OR_reg[7] cannot be properly analyzed as its control pin W_in_OR_reg[7]/G is not reached by a timing clock
Related violations: <none>


